[19:34:34] [ServerMain/INFO]: [bootstrap] Running Java 23 (Java HotSpot(TM) 64-Bit Server VM 23.0.1+11-39; Oracle Corporation null) on Windows 11 10.0 (amd64)
[19:34:34] [ServerMain/INFO]: [bootstrap] Loading Paper 1.21.4-227-ver/1.21.4@7675321 (2025-04-28T19:07:04Z) for Minecraft 1.21.4
[19:34:36] [ServerMain/INFO]: [PluginInitializerManager] Initializing plugins...
[19:34:36] [Paper Plugin Remapper Thread - 2/INFO]: [PluginRemapper] Remapping plugin 'plugins\perfectUnityPlugin-1.3.1.jar'...
[19:34:37] [Paper Plugin Remapper Thread - 2/INFO]: [PluginRemapper] Done remapping plugin 'plugins\perfectUnityPlugin-1.3.1.jar' in 649ms.
[19:34:37] [ServerMain/INFO]: [PluginInitializerManager] Initialized 3 plugins
[19:34:37] [ServerMain/INFO]: [PluginInitializerManager] Bukkit plugins (3):
 - Chunky (1.4.36), InstantRestock (2.5.2), perfectUnityPlugin (1.3.1)
[19:34:43] [ServerMain/INFO]: Environment: Environment[sessionHost=https://sessionserver.mojang.com, servicesHost=https://api.minecraftservices.com, name=PROD]
[19:34:43] [ServerMain/INFO]: [MCTypeRegistry] Initialising converters for DataConverter...
[19:34:43] [ServerMain/INFO]: [MCTypeRegistry] Finished initialising converters for DataConverter in 313,9ms
[19:34:46] [ServerMain/INFO]: Loaded 1370 recipes
[19:34:46] [ServerMain/INFO]: Loaded 1481 advancements
[19:34:46] [Server thread/INFO]: Starting minecraft server version 1.21.4
[19:34:46] [Server thread/INFO]: Loading properties
[19:34:46] [Server thread/INFO]: This server is running Paper version 1.21.4-227-ver/1.21.4@7675321 (2025-04-28T19:07:04Z) (Implementing API version 1.21.4-R0.1-SNAPSHOT)
[19:34:46] [Server thread/INFO]: [spark] This server bundles the spark profiler. For more information please visit https://docs.papermc.io/paper/profiling
[19:34:46] [Server thread/INFO]: Using 4 threads for Netty based IO
[19:34:46] [Server thread/INFO]: Server Ping Player Sample Count: 12
[19:34:47] [Server thread/INFO]: [MoonriseCommon] Paper is using 1 worker threads, 1 I/O threads
[19:34:47] [Server thread/INFO]: [ChunkTaskScheduler] Chunk system is using population gen parallelism: true
[19:34:47] [Server thread/INFO]: Default game type: SURVIVAL
[19:34:47] [Server thread/INFO]: Generating keypair
[19:34:47] [Server thread/INFO]: Starting Minecraft server on *:25565
[19:34:47] [Server thread/INFO]: Using default channel type
[19:34:47] [Server thread/INFO]: Paper: Using Java compression from Velocity.
[19:34:47] [Server thread/INFO]: Paper: Using Java cipher from Velocity.
[19:34:48] [Server thread/INFO]: [perfectUnityPlugin] Loading server plugin perfectUnityPlugin v1.3.1
[19:34:48] [Server thread/INFO]: [InstantRestock] Loading server plugin InstantRestock v2.5.2
[19:34:48] [Server thread/INFO]: [Chunky] Loading server plugin Chunky v1.4.36
[19:34:48] [Server thread/INFO]: Server permissions file permissions.yml is empty, ignoring it
[19:34:48] [Server thread/INFO]: Preparing level "world"
[19:34:48] [Server thread/INFO]: Preparing start region for dimension minecraft:overworld
[19:34:48] [Server thread/INFO]: Preparing spawn area: 0%
[19:34:49] [Server thread/INFO]: Preparing spawn area: 18%
[19:34:49] [Server thread/INFO]: Time elapsed: 825 ms
[19:34:49] [Server thread/INFO]: Preparing start region for dimension minecraft:the_nether
[19:34:49] [Server thread/INFO]: Preparing spawn area: 0%
[19:34:49] [Server thread/INFO]: Time elapsed: 157 ms
[19:34:49] [Server thread/INFO]: Preparing start region for dimension minecraft:the_end
[19:34:49] [Server thread/INFO]: Preparing spawn area: 0%
[19:34:49] [Server thread/INFO]: Time elapsed: 76 ms
[19:34:49] [Server thread/INFO]: [perfectUnityPlugin] Enabling perfectUnityPlugin v1.3.1
[19:34:49] [Server thread/INFO]: [perfectUnityPlugin] The perfectUnityPlugin is enabled!
[19:34:49] [Server thread/INFO]: [InstantRestock] Enabling InstantRestock v2.5.2
[19:34:50] [Server thread/INFO]: [InfiniteVillagerTrades] Enabled InstantRestock!
[19:34:50] [Server thread/INFO]: [Chunky] Enabling Chunky v1.4.36
[19:34:50] [Server thread/INFO]: [spark] Starting background profiler...
[19:34:50] [Server thread/INFO]: [spark] The async-profiler engine is not supported for your os/arch (windows11/amd64), so the built-in Java engine will be used instead.
[19:34:50] [Server thread/INFO]: Done preparing level "world" (2.507s)
[19:34:50] [Server thread/INFO]: Running delayed init tasks
[19:34:50] [Server thread/INFO]: Done (17.388s)! For help, type "help"
[19:35:27] [User Authenticator #0/INFO]: UUID of player anonymous61 is b6b886ab-ae1f-4adb-85d4-5611f0855b7d
[19:35:28] [Server thread/INFO]: Environment: Environment[sessionHost=https://sessionserver.mojang.com, servicesHost=https://api.minecraftservices.com, name=PROD]
[19:35:28] [Server thread/INFO]: anonymous61 joined the game
[19:35:28] [Server thread/INFO]: anonymous61[/192.168.178.46:54966] logged in with entity id 36 at ([world]-1264.9307918758311, 68.875, -773.6976960911925)
[19:35:31] [Server thread/WARN]: Can't keep up! Is the server overloaded? Running 2522ms or 50 ticks behind
[19:35:37] [Server thread/INFO]: Villager Villager['Villager'/71, uuid='695c2d23-e952-4ad6-8378-19e65c63951a', l='ServerLevel[world]', x=-1266.70, y=65.05, z=-765.14, cpos=[-80, -48], tl=47, v=true] died, message: 'Villager was squished too much'
[19:35:40] [Server thread/INFO]: anonymous61 issued server command: /heads
[19:36:00] [Server thread/INFO]: anonymous61 issued server command: /heads
[19:37:02] [Server thread/INFO]: anonymous61 issued server command: /heads
[19:38:59] [Server thread/INFO]: Villager Villager['Villager'/68, uuid='10bdef53-8438-46c7-b7de-f480b9fc699e', l='ServerLevel[world]', x=-1266.30, y=65.05, z=-765.12, cpos=[-80, -48], tl=4163, v=true] died, message: 'Villager was squished too much'
[19:46:55] [Server thread/INFO]: Villager Villager['Villager'/40, uuid='035615a6-0966-4186-806c-32d4ec8e85de', l='ServerLevel[world]', x=-1266.58, y=65.05, z=-765.14, cpos=[-80, -48], tl=13681, v=true] died, message: 'Villager was squished too much'
[19:50:29] [Server thread/ERROR]: Couldn't save stats
java.nio.file.FileSystemException: .\world\stats\b6b886ab-ae1f-4adb-85d4-5611f0855b7d.json: Der Vorgang ist bei einer Datei mit einem geöffneten Bereich, der einem Benutzer zugeordnet ist, nicht anwendbar
	at java.base/sun.nio.fs.WindowsException.translateToIOException(WindowsException.java:92) ~[?:?]
	at java.base/sun.nio.fs.WindowsException.rethrowAsIOException(WindowsException.java:103) ~[?:?]
	at java.base/sun.nio.fs.WindowsException.rethrowAsIOException(WindowsException.java:108) ~[?:?]
	at java.base/sun.nio.fs.WindowsFileSystemProvider.newByteChannel(WindowsFileSystemProvider.java:234) ~[?:?]
	at java.base/java.nio.file.spi.FileSystemProvider.newOutputStream(FileSystemProvider.java:482) ~[?:?]
	at java.base/java.nio.file.Files.newOutputStream(Files.java:228) ~[?:?]
	at org.apache.commons.io.file.PathUtils.newOutputStream(PathUtils.java:1295) ~[commons-io-2.17.0.jar:2.17.0]
	at org.apache.commons.io.file.PathUtils.newOutputStream(PathUtils.java:1286) ~[commons-io-2.17.0.jar:2.17.0]
	at org.apache.commons.io.FileUtils.newOutputStream(FileUtils.java:2564) ~[commons-io-2.17.0.jar:2.17.0]
	at org.apache.commons.io.FileUtils.writeStringToFile(FileUtils.java:3479) ~[commons-io-2.17.0.jar:2.17.0]
	at org.apache.commons.io.FileUtils.writeStringToFile(FileUtils.java:3432) ~[commons-io-2.17.0.jar:2.17.0]
	at net.minecraft.stats.ServerStatsCounter.save(ServerStatsCounter.java:70) ~[paper-1.21.4.jar:1.21.4-227-7675321]
	at net.minecraft.server.players.PlayerList.save(PlayerList.java:489) ~[paper-1.21.4.jar:1.21.4-227-7675321]
	at net.minecraft.server.players.PlayerList.lambda$saveAll$3(PlayerList.java:1079) ~[paper-1.21.4.jar:1.21.4-227-7675321]
	at io.papermc.paper.util.MCUtil.ensureMain(MCUtil.java:132) ~[paper-1.21.4.jar:1.21.4-227-7675321]
	at net.minecraft.server.players.PlayerList.saveAll(PlayerList.java:1073) ~[paper-1.21.4.jar:1.21.4-227-7675321]
	at net.minecraft.server.MinecraftServer.tickServer(MinecraftServer.java:1547) ~[paper-1.21.4.jar:1.21.4-227-7675321]
	at net.minecraft.server.MinecraftServer.runServer(MinecraftServer.java:1251) ~[paper-1.21.4.jar:1.21.4-227-7675321]
	at net.minecraft.server.MinecraftServer.lambda$spin$2(MinecraftServer.java:310) ~[paper-1.21.4.jar:1.21.4-227-7675321]
	at java.base/java.lang.Thread.run(Thread.java:1575) ~[?:?]
[19:50:29] [Server thread/ERROR]: Couldn't save player advancements to .\world\advancements\b6b886ab-ae1f-4adb-85d4-5611f0855b7d.json
java.nio.file.FileSystemException: .\world\advancements\b6b886ab-ae1f-4adb-85d4-5611f0855b7d.json: Der Vorgang ist bei einer Datei mit einem geöffneten Bereich, der einem Benutzer zugeordnet ist, nicht anwendbar
	at java.base/sun.nio.fs.WindowsException.translateToIOException(WindowsException.java:92) ~[?:?]
	at java.base/sun.nio.fs.WindowsException.rethrowAsIOException(WindowsException.java:103) ~[?:?]
	at java.base/sun.nio.fs.WindowsException.rethrowAsIOException(WindowsException.java:108) ~[?:?]
	at java.base/sun.nio.fs.WindowsFileSystemProvider.newByteChannel(WindowsFileSystemProvider.java:234) ~[?:?]
	at java.base/java.nio.file.spi.FileSystemProvider.newOutputStream(FileSystemProvider.java:482) ~[?:?]
	at java.base/java.nio.file.Files.newOutputStream(Files.java:228) ~[?:?]
	at java.base/java.nio.file.Files.newBufferedWriter(Files.java:3012) ~[?:?]
	at net.minecraft.server.PlayerAdvancements.save(PlayerAdvancements.java:138) ~[paper-1.21.4.jar:1.21.4-227-7675321]
	at net.minecraft.server.players.PlayerList.save(PlayerList.java:494) ~[paper-1.21.4.jar:1.21.4-227-7675321]
	at net.minecraft.server.players.PlayerList.lambda$saveAll$3(PlayerList.java:1079) ~[paper-1.21.4.jar:1.21.4-227-7675321]
	at io.papermc.paper.util.MCUtil.ensureMain(MCUtil.java:132) ~[paper-1.21.4.jar:1.21.4-227-7675321]
	at net.minecraft.server.players.PlayerList.saveAll(PlayerList.java:1073) ~[paper-1.21.4.jar:1.21.4-227-7675321]
	at net.minecraft.server.MinecraftServer.tickServer(MinecraftServer.java:1547) ~[paper-1.21.4.jar:1.21.4-227-7675321]
	at net.minecraft.server.MinecraftServer.runServer(MinecraftServer.java:1251) ~[paper-1.21.4.jar:1.21.4-227-7675321]
	at net.minecraft.server.MinecraftServer.lambda$spin$2(MinecraftServer.java:310) ~[paper-1.21.4.jar:1.21.4-227-7675321]
	at java.base/java.lang.Thread.run(Thread.java:1575) ~[?:?]
[19:56:52] [Server thread/INFO]: anonymous61 issued server command: /sethome temp
[19:58:05] [Server thread/INFO]: anonymous61 lost connection: Disconnected
[19:58:05] [Server thread/INFO]: anonymous61 left the game
